{
  "RSpec": {
    "coverage": {
      "/app/app/controllers/application_controller.rb": {
        "lines": [
          1,
          null,
          1,
          null,
          1,
          0,
          null,
          null
        ],
        "branches": {}
      },
      "/app/app/helpers/application_helper.rb": {
        "lines": [
          null,
          1,
          null,
          1,
          0,
          null,
          0,
          null,
          0,
          null,
          0,
          null,
          0,
          null,
          null,
          null
        ],
        "branches": {
          "[:case, 0, 5, 4, 14, 7]": {
            "[:when, 1, 7, 6, 7, 21]": 0,
            "[:when, 2, 9, 6, 9, 21]": 0,
            "[:when, 3, 11, 6, 11, 20]": 0,
            "[:else, 4, 13, 6, 13, 8]": 0
          }
        }
      },
      "/app/app/controllers/email_files_controller.rb": {
        "lines": [
          1,
          null,
          1,
          0,
          0,
          0,
          null,
          null,
          null,
          1,
          0,
          0,
          0,
          null,
          0,
          0,
          null,
          0,
          0,
          null,
          null,
          null,
          1,
          null,
          1,
          0,
          null,
          null,
          1,
          0,
          null,
          null
        ],
        "branches": {
          "[:if, 0, 12, 4, 20, 7]": {
            "[:then, 1, 13, 6, 16, 34]": 0,
            "[:else, 2, 18, 6, 19, 34]": 0
          }
        }
      },
      "/app/app/jobs/application_job.rb": {
        "lines": [
          1,
          1,
          0,
          null,
          null
        ],
        "branches": {}
      },
      "/app/app/jobs/process_email_job.rb": {
        "lines": [
          1,
          1,
          null,
          1,
          0,
          null,
          0,
          null,
          null,
          null,
          null,
          null,
          null,
          0,
          null,
          0,
          0,
          null,
          0,
          null,
          null,
          null,
          null,
          null,
          null,
          0,
          null,
          null,
          null,
          null,
          null,
          0,
          null,
          null,
          0,
          null,
          null,
          null,
          null,
          null,
          null,
          null,
          1,
          null,
          1,
          0,
          null,
          null,
          null,
          null,
          0,
          null,
          null,
          null,
          null,
          null
        ],
        "branches": {
          "[:if, 0, 16, 6, 33, 9]": {
            "[:then, 1, 17, 8, 17, 117]": 0,
            "[:else, 2, 19, 8, 32, 25]": 0
          }
        }
      },
      "/app/app/mailers/application_mailer.rb": {
        "lines": [
          1,
          null
        ],
        "branches": {}
      },
      "/app/app/models/application_record.rb": {
        "lines": [
          1,
          1,
          null
        ],
        "branches": {}
      },
      "/app/app/models/customer.rb": {
        "lines": [
          1,
          null,
          1,
          null
        ],
        "branches": {}
      },
      "/app/app/models/email_file.rb": {
        "lines": [
          1,
          null,
          1,
          null,
          null,
          1,
          null,
          null,
          1,
          null,
          1,
          null
        ],
        "branches": {}
      },
      "/app/app/models/processing_log.rb": {
        "lines": [
          1,
          null,
          1,
          null,
          null,
          1,
          null,
          null,
          1,
          null,
          null,
          1,
          null
        ],
        "branches": {}
      },
      "/app/app/services/email_processor_service.rb": {
        "lines": [
          0,
          0,
          0,
          0,
          null,
          0,
          null,
          0,
          0,
          0,
          0,
          null,
          0,
          0,
          0,
          0,
          null,
          0,
          0,
          0,
          null,
          0,
          0,
          0,
          0,
          null,
          0,
          null,
          0,
          0,
          0
        ],
        "branches": {}
      },
      "/app/app/services/parsers/base_parser.rb": {
        "lines": [
          0,
          0,
          null,
          0,
          null,
          0,
          0,
          0,
          0,
          null,
          null,
          0,
          null,
          0,
          0,
          null,
          null,
          0,
          0,
          0,
          null,
          0,
          0,
          0,
          null,
          0,
          0,
          0,
          0
        ],
        "branches": {}
      },
      "/app/app/services/parsers/partner_b_parser.rb": {
        "lines": [
          0,
          null,
          null,
          null,
          null,
          null,
          0,
          null,
          null,
          0,
          null,
          null,
          0,
          null,
          null,
          0,
          null,
          null,
          0,
          0,
          null,
          null,
          null,
          0,
          0,
          null,
          null,
          0,
          null,
          null,
          null,
          0,
          null,
          null,
          0,
          null,
          0,
          null,
          null,
          0,
          0,
          0,
          0,
          null,
          null,
          null,
          0,
          0,
          0,
          0,
          null,
          0,
          0,
          0,
          0,
          0,
          0,
          0,
          0,
          0,
          0
        ],
        "branches": {}
      },
      "/app/app/services/parsers/supplier_a_parser.rb": {
        "lines": [
          0,
          0,
          0,
          0,
          0,
          null,
          0,
          0,
          null,
          0,
          0,
          0,
          null,
          0,
          0,
          null,
          null,
          0,
          0,
          0,
          0,
          0,
          0,
          0,
          0,
          0,
          null,
          0,
          null,
          null,
          0,
          0,
          null,
          0,
          0,
          0
        ],
        "branches": {}
      }
    },
    "timestamp": 1763958465
  }
}
